Arguments: 
  C:\Program Files\nodejs\node.exe C:\Program Files (x86)\Yarn\bin\yarn.js install

PATH: 
  C:\Program Files\Git\mingw64\bin;C:\Program Files\Git\usr\bin;C:\Users\mohit\bin;C:\Python38\Scripts;C:\Python38;C:\Program Files\Java\jdk-13.0.1\bin;C:\Program Files (x86)\Common Files\Oracle\Java\javapath;C:\WINDOWS\system32;C:\WINDOWS;C:\WINDOWS\System32\Wbem;C:\WINDOWS\System32\WindowsPowerShell\v1.0;C:\WINDOWS\System32\OpenSSH;C:\Program Files\Git\cmd;C:\Users\mohit\Downloads\Compressed\bin;C:\Program Files (x86)\Dev-Cpp\MinGW64\bin;C:\Program Files (x86)\Dev-Cpp\MinGW64\bin\gcc.exe;C:\Program Files (x86)\Dev-Cpp\MinGW64\bin\gcc.exe;C:\Program Files (x86)\Dev-Cpp\MinGW64\lib\gcc;C:\Program Files (x86)\Dev-Cpp\MinGW64\lib\gcc\x86_64-w64-mingw32\4.9.2\include;C:\Program Files (x86)\Dev-Cpp\MinGW64\bin\lib;C:\Users\mohit\flutter\flutter\bin;C:\Users\mohit\AppData\Local\Programs\Microsoft VS Code Insiders\bin;C:\Program Files\LLVM\bin;C:\Users\mohit\AppData\Local\Programs\Python\Python38\Scripts;C:\Users\mohit\AppData\Local\Programs\Python\Python38;C:\Users\mohit\Anaconda3\pkgs\pip-19.2.3-py37_0\Scripts;C:\Program Files\Cloud Foundry;C:\ProgramData\chocolatey\bin;C:\Program Files (x86)\Yarn\bin;C:\Program Files\Docker\Docker\resources\bin;C:\ProgramData\DockerDesktop\version-bin;C:\Program Files\nodejs;C:\Users\mohit\AppData\Local\Programs\Python\Python38-32\Scripts;C:\Users\mohit\AppData\Local\Programs\Python\Python38-32;C:\Users\mohit\AppData\Local\Microsoft\WindowsApps;C:\Users\mohit\AppData\Local\Programs\Microsoft VS Code Insiders\bin;C:\Program Files\heroku\bin;C:\heroku\bin;C:\Program Files\JetBrains\IntelliJ IDEA Community Edition 2019.3.2\bin;C:\Users\mohit\AppData\Local\Yarn\bin;C:\Exercism;C:\Users\mohit\AppData\Roaming\npm

Yarn version: 
  1.22.4

Node version: 
  12.18.2

Platform: 
  win32 x64

Trace: 
  Error: https://registry.yarnpkg.com/@material-ui/icons/-/icons-4.9.1.tgz: ESOCKETTIMEDOUT
      at ClientRequest.<anonymous> (C:\Program Files (x86)\Yarn\lib\cli.js:141375:19)
      at Object.onceWrapper (events.js:421:28)
      at ClientRequest.emit (events.js:315:20)
      at TLSSocket.emitRequestTimeout (_http_client.js:709:9)
      at Object.onceWrapper (events.js:421:28)
      at TLSSocket.emit (events.js:327:22)
      at TLSSocket.Socket._onTimeout (net.js:481:8)
      at listOnTimeout (internal/timers.js:549:17)
      at processTimers (internal/timers.js:492:7)

npm manifest: 
  {
    "name": "social-connect",
    "version": "1.0.0",
    "description": "",
    "main": "app.js",
    "cacheDirectories": [
      ".next/cache"
    ],
    "scripts": {
      "dev": "nodemon server/app.js --watch server",
      "start": "pm2-runtime start ecosystem.config.js --env production",
      "build": "next build",
      "deploy": "now --public",
      "alias": "now alias",
      "remove:deploy": "now rm social-connect"
    },
    "keywords": [],
    "author": "Mohit Gupta (guptamohit004)",
    "license": "ISC",
    "dependencies": {
      "@babel/core": "^7.11.6",
      "@material-ui/core": "^4.11.0",
      "@material-ui/icons": "^4.9.1",
      "autocannon": "^6.5.0",
      "axios": "^0.20.0",
      "cloudinary": "^1.23.0",
      "cluster": "^0.7.7",
      "compression": "^1.7.4",
      "connect-mongo": "^3.2.0",
      "date-fns": "^2.16.1",
      "dotenv": "^8.2.0",
      "express": "^4.17.1",
      "express-session": "^1.17.1",
      "express-validator": "^6.6.1",
      "fcm-node": "^1.5.2",
      "firebase": "^7.23.0",
      "helmet": "^4.1.1",
      "jimp": "^0.16.1",
      "jss": "^10.4.0",
      "localforage": "^1.9.0",
      "moment": "^2.29.1",
      "mongoose": "^5.10.9",
      "mongoose-mongodb-errors": "0.0.2",
      "morgan": "^1.10.0",
      "multer": "^1.4.2",
      "next": "^9.5.5",
      "next-pwa": "^3.1.5",
      "next-seo": "^4.11.0",
      "node-device-detector": "^1.2.8",
      "passport": "^0.4.1",
      "passport-local": "^1.0.0",
      "passport-local-mongoose": "^6.0.1",
      "pm2": "^4.5.0",
      "react": "^16.13.1",
      "react-dom": "^16.13.1",
      "react-jss": "^10.4.0",
      "react-loader-spinner": "^3.1.14",
      "react-moment": "^1.0.0",
      "react-router-dom": "^5.2.0",
      "request": "^2.88.2",
      "request-ip": "^2.1.3",
      "shortid": "^2.2.15",
      "validator": "^13.1.17",
      "vercel": "^20.1.2"
    },
    "devDependencies": {
      "nodemon": "^2.0.4"
    }
  }

yarn manifest: 
  No manifest

Lockfile: 
  No lockfile
